6/28/2016 16:57:53	This log contains information about the import schema operation into project 'TonusClub.Database' on computer 'EPRUPETW9263' by user 'Maksim_Naumov'.
6/28/2016 16:57:53	Import of database schema has started.
6/28/2016 16:57:57	Gathering database options
6/28/2016 16:57:57	Gathering users
6/28/2016 16:57:57	Gathering roles
6/28/2016 16:57:57	Gathering application roles
6/28/2016 16:57:57	Gathering role memberships
6/28/2016 16:57:57	Gathering filegroups
6/28/2016 16:57:57	Gathering files
6/28/2016 16:57:57	Gathering full-text catalogs
6/28/2016 16:57:57	Gathering assemblies
6/28/2016 16:57:57	Gathering certificates
6/28/2016 16:57:57	Gathering asymmetric keys
6/28/2016 16:57:57	Gathering symmetric keys
6/28/2016 16:57:57	Gathering encrypted symmetric keys
6/28/2016 16:57:57	Gathering database encryption keys
6/28/2016 16:57:57	Gathering schemas
6/28/2016 16:57:57	Gathering XML schema collections
6/28/2016 16:57:57	Gathering user-defined data types
6/28/2016 16:57:57	Gathering user-defined types
6/28/2016 16:57:57	Gathering table types
6/28/2016 16:57:57	Gathering unique keys for table types
6/28/2016 16:57:57	Gathering primary keys for table types
6/28/2016 16:57:57	Gathering indexes for table types
6/28/2016 16:57:57	Gathering check constraints for table types
6/28/2016 16:57:57	Gathering default constraints for table types
6/28/2016 16:57:57	Gathering partition functions
6/28/2016 16:57:57	Gathering partition schemes
6/28/2016 16:57:57	Gathering functions
6/28/2016 16:57:57	Gathering encrypted functions
6/28/2016 16:57:57	Gathering aggregates
6/28/2016 16:57:57	Gathering procedures
6/28/2016 16:57:57	Gathering encrypted procedures
6/28/2016 16:57:57	Gathering tables
6/28/2016 16:57:58	Gathering primary keys
6/28/2016 16:57:58	Gathering unique constraints
6/28/2016 16:57:58	Gathering foreign keys
6/28/2016 16:57:58	Gathering default constraints
6/28/2016 16:57:58	Gathering check constraints
6/28/2016 16:57:58	Gathering views
6/28/2016 16:57:58	Gathering encrypted views
6/28/2016 16:57:58	Gathering indexes
6/28/2016 16:57:58	Gathering statistics
6/28/2016 16:57:58	Gathering full-text index stoplists
6/28/2016 16:57:58	Gathering search property lists
6/28/2016 16:57:58	Gathering search properties
6/28/2016 16:57:58	Gathering full-text indexes
6/28/2016 16:57:58	Gathering column store indexes
6/28/2016 16:57:58	Gathering spatial indexes
6/28/2016 16:57:58	Gathering XML indexes
6/28/2016 16:57:58	Gathering Selective XML indexes
6/28/2016 16:57:58	Gathering encrypted triggers
6/28/2016 16:57:58	Gathering triggers
6/28/2016 16:57:58	Gathering encrypted and clr ddl triggers
6/28/2016 16:57:58	Gathering ddl triggers
6/28/2016 16:57:58	Gathering synonyms
6/28/2016 16:57:58	Gathering defaults
6/28/2016 16:57:58	Gathering data constraint uddt bindings
6/28/2016 16:57:58	Gathering rules
6/28/2016 16:57:58	Gathering data constraint uddt bindings
6/28/2016 16:57:58	Gathering message types
6/28/2016 16:57:58	Gathering queues
6/28/2016 16:57:58	Gathering contracts
6/28/2016 16:57:58	Gathering services
6/28/2016 16:57:58	Gathering routes
6/28/2016 16:57:58	Gathering event notifications
6/28/2016 16:57:58	Gathering remote service bindings
6/28/2016 16:57:58	Gathering broker priorities
6/28/2016 16:57:58	Gathering database audit specifications
6/28/2016 16:57:58	Gathering signatures
6/28/2016 16:57:58	Gathering data compression options
6/28/2016 16:57:58	Gathering sequence types
6/28/2016 16:57:58	Gathering extended properties
6/28/2016 16:57:58	Gathering credentials
6/28/2016 16:57:58	Gathering logins
6/28/2016 16:57:58	Gathering server audits
6/28/2016 16:58:00	Scanning project for duplicate elements
6/28/2016 16:58:00	Finished duplicate element processing
6/28/2016 16:58:01	Finished importing database.
6/28/2016 16:58:01	A summary of the import was saved to the following location: C:\src\asu\Server\TonusClub.Database\Import Schema Logs\TonusClub.Database_20160628015753.log
6/28/2016 16:58:01	Click Finish to continue...
